Enter password: *******
Welcome to the MySQL monitor.  Commands end with ; or \g.
Your MySQL connection id is 157
Server version: 8.0.23 MySQL Community Server - GPL

Copyright (c) 2000, 2021, Oracle and/or its affiliates.

Oracle is a registered trademark of Oracle Corporation and/or its
affiliates. Other names may be trademarks of their respective
owners.

Type 'help;' or '\h' for help. Type '\c' to clear the current input statement.

mysql> source C:\Users\admin\DevOps_online_Dnipro_2021Q2\m3\book_sc.sql
Query OK, 1 row affected (0.07 sec)

Database changed
Query OK, 0 rows affected (1.02 sec)

Query OK, 0 rows affected, 1 warning (0.78 sec)

Query OK, 0 rows affected, 1 warning (0.66 sec)

Query OK, 0 rows affected (0.64 sec)

Query OK, 0 rows affected, 1 warning (0.58 sec)

Query OK, 0 rows affected (0.44 sec)

mysql> source C:\Users\admin\DevOps_online_Dnipro_2021Q2\m3\populate.sql
Database changed
Query OK, 4 rows affected (0.10 sec)
Records: 4  Duplicates: 0  Warnings: 0

Query OK, 5 rows affected (0.08 sec)
Records: 5  Duplicates: 0  Warnings: 0

Query OK, 5 rows affected (0.11 sec)
Records: 5  Duplicates: 0  Warnings: 0

Query OK, 6 rows affected (0.21 sec)
Records: 6  Duplicates: 0  Warnings: 0

Query OK, 1 row affected (0.17 sec)

Query OK, 1 row affected (0.08 sec)

Query OK, 1 row affected (0.06 sec)

Query OK, 1 row affected (0.08 sec)

Query OK, 1 row affected (0.09 sec)

mysql> source C:\Users\admin\DevOps_online_Dnipro_2021Q2\m3\book_select.sql
Database changed
ERROR 1146 (42S02): Table 'book_sc.book_sc' doesn't exist
+-----------------+--------------+
| name            | city         |
+-----------------+--------------+
| Julie Smith     | Airport West |
| Alan Wong       | Box Hill     |
| Michelle Arthur | Yarraville   |
| Yevhen Vieskov  | Dnipro       |
+-----------------+--------------+
4 rows in set (0.00 sec)

+---------+---------------+------------+----------+
| orderid | isbn          | item_price | quantity |
+---------+---------------+------------+----------+
|       1 | 0-672-31697-8 |      34.99 |        2 |
|       2 | 0-672-31769-9 |      49.99 |        1 |
|       3 | 0-672-31509-2 |      24.99 |        1 |
|       3 | 0-672-31769-9 |      49.99 |        1 |
|       4 | 0-672-31745-1 |      24.99 |        3 |
|       5 | 8-761-78829-5 |      54.99 |        3 |
+---------+---------------+------------+----------+
6 rows in set (0.00 sec)

+---------+------------+--------+------------+--------------+-----------------+----------------+------------+------------+----------+--------------+
| orderid | customerid | amount | date       | order_status | ship_name       | ship_address   | ship_city  | ship_state | ship_zip | ship_country |
+---------+------------+--------+------------+--------------+-----------------+----------------+------------+------------+----------+--------------+
|       1 |          3 |  69.98 | 2021-03-02 | ok           | Michelle Arthur | 357 North Road | Yarraville | Kansas     | 67890    | USA          |
|       4 |          3 |  24.99 | 2021-03-01 | ok           | Michelle Arthur | 357 North Road | Yarraville | Kansas     | 67890    | USA          |
+---------+------------+--------+------------+--------------+-----------------+----------------+------------+------------+----------+--------------+
2 rows in set (0.01 sec)

+---------+------------+--------+------------+--------------+-----------------+-------------------+------------+---------------+----------+--------------+
| orderid | customerid | amount | date       | order_status | ship_name       | ship_address      | ship_city  | ship_state    | ship_zip | ship_country |
+---------+------------+--------+------------+--------------+-----------------+-------------------+------------+---------------+----------+--------------+
|       1 |          3 |  69.98 | 2021-03-02 | ok           | Michelle Arthur | 357 North Road    | Yarraville | Kansas        | 67890    | USA          |
|       4 |          3 |  24.99 | 2021-03-01 | ok           | Michelle Arthur | 357 North Road    | Yarraville | Kansas        | 67890    | USA          |
|       5 |          4 |  54.99 | 2021-03-02 | ok           | Yevhen Vieskov  | 25 Gagarin street | Dnipro     | Dnipro region | 34521    | Ukraine      |
+---------+------------+--------+------------+--------------+-----------------+-------------------+------------+---------------+----------+--------------+
3 rows in set (0.00 sec)

+---------+--------+------------+
| orderid | amount | date       |
+---------+--------+------------+
|       5 |  54.99 | 2021-03-02 |
+---------+--------+------------+
1 row in set (0.00 sec)

+----------------+
| name           |
+----------------+
| Yevhen Vieskov |
+----------------+
1 row in set (0.00 sec)

ERROR 1054 (42S22): Unknown column 'customer.name' in 'field list'
Empty set (0.02 sec)

+-----------------+--------------------+
| name            | address            |
+-----------------+--------------------+
| Alan Wong       | 1/47 Haines Avenue |
| Julie Smith     | 25 Oak Street      |
| Michelle Arthur | 357 North Road     |
| Yevhen Vieskov  | 25 Gagarin street  |
+-----------------+--------------------+
4 rows in set (0.00 sec)

+-------------+
| avg(amount) |
+-------------+
|   54.986002 |
+-------------+
1 row in set (0.01 sec)

+------------+-------------+
| customerid | avg(amount) |
+------------+-------------+
|          3 |   47.485002 |
|          1 |   49.990002 |
|          2 |   74.980003 |
|          4 |   54.990002 |
+------------+-------------+
4 rows in set (0.02 sec)

+------------+-------------+
| customerid | avg(amount) |
+------------+-------------+
|          2 |   74.980003 |
|          4 |   54.990002 |
+------------+-------------+
2 rows in set (0.00 sec)

+------------+--------+
| customerid | amount |
+------------+--------+
|          2 |  74.98 |
+------------+--------+
1 row in set (0.00 sec)

Empty set (0.00 sec)

Query OK, 5 rows affected (0.08 sec)
Rows matched: 5  Changed: 5  Warnings: 0

Query OK, 0 rows affected, 1 warning (1.40 sec)
Records: 0  Duplicates: 0  Warnings: 1

Query OK, 0 rows affected (0.85 sec)
Records: 0  Duplicates: 0  Warnings: 0

Query OK, 0 rows affected (0.00 sec)

mysql>